<?xml version="1.0" encoding="UTF-8"?>
<testsuite name="Login Test"
           tests="2"
           failures="0"
           errors="0"
           skipped="0"
           time="14.881">
  <properties />
  
  
            <testcase name="verifyProductsPriceDisplayHighToLowSuccessfully" time="0.997" classname="com.tutorialsninja.testsuite.LaptopsAndNoteBooksTest" />
                <testcase name="verifyThatUserPlaceOrderSuccessfully" time="13.884" classname="com.tutorialsninja.testsuite.LaptopsAndNoteBooksTest" />
      
</testsuite>
